2023-01-26 14:50:42.036 [info] Log level: Info
2023-01-26 14:50:42.036 [info] Validating found git in: "git"
2023-01-26 14:50:42.036 [info] Using git "2.38.1" from "git"
2023-01-26 14:50:42.036 [info] > git rev-parse --show-toplevel [8ms]
2023-01-26 14:50:42.036 [info] > git rev-parse --git-dir --git-common-dir [19ms]
2023-01-26 14:50:42.036 [info] Open repository: /home/ec2-user
2023-01-26 14:50:42.036 [info] > git config --get commit.template [17ms]
2023-01-26 14:50:42.036 [info] > git rev-parse --show-toplevel [23ms]
2023-01-26 14:50:42.036 [info] > git rev-parse --show-toplevel [7ms]
2023-01-26 14:50:42.036 [info] > git rev-parse --show-toplevel [2ms]
2023-01-26 14:50:42.037 [info] > git for-each-ref --format=%(refname)%00%(upstream:short)%00%(objectname)%00%(upstream:track)%00%(upstream:remotename)%00%(upstream:remoteref) refs/heads/master refs/remotes/master [11ms]
2023-01-26 14:50:42.037 [info] > git rev-parse --show-toplevel [10ms]
2023-01-26 14:50:42.037 [info] > git for-each-ref --sort -committerdate --format %(refname) %(objectname) %(*objectname) [6ms]
2023-01-26 14:50:42.037 [info] > git rev-parse --git-dir --git-common-dir [3ms]
2023-01-26 14:50:42.037 [info] Open repository: /home/ec2-user/jenkinsfile-pipeline-project
2023-01-26 14:50:42.037 [info] > git status -z -uall [61ms]
2023-01-26 14:50:42.037 [info] > git config --get commit.template [8ms]
2023-01-26 14:50:42.037 [info] > git for-each-ref --format=%(refname)%00%(upstream:short)%00%(objectname)%00%(upstream:track)%00%(upstream:remotename)%00%(upstream:remoteref) refs/heads/main refs/remotes/main [91ms]
2023-01-26 14:50:42.037 [info] > git status -z -uall [6ms]
2023-01-26 14:50:42.037 [info] > git config --get commit.template [27ms]
2023-01-26 14:50:42.037 [info] > git for-each-ref --sort -committerdate --format %(refname) %(objectname) %(*objectname) [8ms]
2023-01-26 14:50:42.037 [info] > git for-each-ref --format=%(refname)%00%(upstream:short)%00%(objectname)%00%(upstream:track)%00%(upstream:remotename)%00%(upstream:remoteref) refs/heads/master refs/remotes/master [26ms]
2023-01-26 14:50:42.037 [info] > git status -z -uall [454ms]
2023-01-26 14:50:42.037 [info] > git for-each-ref --sort -committerdate --format %(refname) %(objectname) %(*objectname) [452ms]
2023-01-26 14:50:42.037 [info] > git config --get commit.template [460ms]
2023-01-26 14:50:42.037 [info] > git for-each-ref --format=%(refname)%00%(upstream:short)%00%(objectname)%00%(upstream:track)%00%(upstream:remotename)%00%(upstream:remoteref) refs/heads/main refs/remotes/main [18ms]
2023-01-26 14:50:42.037 [info] > git status -z -uall [4ms]
2023-01-26 14:50:42.037 [info] > git for-each-ref --sort -committerdate --format %(refname) %(objectname) %(*objectname) [479ms]
2023-01-26 14:50:42.275 [info] > git check-ignore -v -z --stdin [6ms]
2023-01-26 14:50:42.278 [info] > git check-ignore -v -z --stdin [4ms]
2023-01-26 14:50:44.945 [info] > git config --get commit.template [5ms]
2023-01-26 14:50:44.948 [info] > git for-each-ref --format=%(refname)%00%(upstream:short)%00%(objectname)%00%(upstream:track)%00%(upstream:remotename)%00%(upstream:remoteref) refs/heads/master refs/remotes/master [4ms]
2023-01-26 14:50:44.959 [info] > git for-each-ref --sort -committerdate --format %(refname) %(objectname) %(*objectname) [3ms]
2023-01-26 14:50:44.973 [info] > git status -z -uall [22ms]
2023-01-26 14:50:50.042 [info] > git for-each-ref --format=%(refname)%00%(upstream:short)%00%(objectname)%00%(upstream:track)%00%(upstream:remotename)%00%(upstream:remoteref) refs/heads/master refs/remotes/master [1ms]
2023-01-26 14:50:50.046 [info] > git config --get commit.template [35ms]
2023-01-26 14:50:50.105 [info] > git for-each-ref --sort -committerdate --format %(refname) %(objectname) %(*objectname) [29ms]
2023-01-26 14:50:50.120 [info] > git status -z -uall [49ms]
2023-01-26 14:50:55.161 [info] > git config --get commit.template [5ms]
2023-01-26 14:50:55.163 [info] > git for-each-ref --format=%(refname)%00%(upstream:short)%00%(objectname)%00%(upstream:track)%00%(upstream:remotename)%00%(upstream:remoteref) refs/heads/master refs/remotes/master [2ms]
2023-01-26 14:50:55.173 [info] > git for-each-ref --sort -committerdate --format %(refname) %(objectname) %(*objectname) [3ms]
2023-01-26 14:50:55.188 [info] > git status -z -uall [23ms]
2023-01-26 14:50:57.027 [info] > git check-ignore -v -z --stdin [2ms]
2023-01-26 14:51:00.241 [info] > git config --get commit.template [6ms]
2023-01-26 14:51:00.297 [info] > git for-each-ref --format=%(refname)%00%(upstream:short)%00%(objectname)%00%(upstream:track)%00%(upstream:remotename)%00%(upstream:remoteref) refs/heads/master refs/remotes/master [58ms]
2023-01-26 14:51:00.309 [info] > git for-each-ref --sort -committerdate --format %(refname) %(objectname) %(*objectname) [3ms]
2023-01-26 14:51:00.323 [info] > git status -z -uall [23ms]
2023-01-26 14:57:59.081 [info] > git config --get commit.template [5ms]
2023-01-26 14:57:59.082 [info] > git for-each-ref --format=%(refname)%00%(upstream:short)%00%(objectname)%00%(upstream:track)%00%(upstream:remotename)%00%(upstream:remoteref) refs/heads/master refs/remotes/master [3ms]
2023-01-26 14:57:59.092 [info] > git for-each-ref --sort -committerdate --format %(refname) %(objectname) %(*objectname) [4ms]
2023-01-26 14:57:59.107 [info] > git status -z -uall [22ms]
2023-01-26 14:58:04.158 [info] > git config --get commit.template [6ms]
2023-01-26 14:58:04.160 [info] > git for-each-ref --format=%(refname)%00%(upstream:short)%00%(objectname)%00%(upstream:track)%00%(upstream:remotename)%00%(upstream:remoteref) refs/heads/master refs/remotes/master [3ms]
2023-01-26 14:58:04.171 [info] > git for-each-ref --sort -committerdate --format %(refname) %(objectname) %(*objectname) [3ms]
2023-01-26 14:58:04.189 [info] > git status -z -uall [26ms]
2023-01-26 14:58:06.446 [info] > git show --textconv :README (1).md [12ms]
2023-01-26 14:58:06.448 [info] > git ls-files --stage -- /home/ec2-user/README (1).md [8ms]
2023-01-26 14:58:09.234 [info] > git config --get commit.template [5ms]
2023-01-26 14:58:09.235 [info] > git for-each-ref --format=%(refname)%00%(upstream:short)%00%(objectname)%00%(upstream:track)%00%(upstream:remotename)%00%(upstream:remoteref) refs/heads/master refs/remotes/master [2ms]
2023-01-26 14:58:09.246 [info] > git for-each-ref --sort -committerdate --format %(refname) %(objectname) %(*objectname) [4ms]
2023-01-26 14:58:09.264 [info] > git status -z -uall [26ms]
2023-01-26 14:58:14.341 [info] > git config --get commit.template [5ms]
2023-01-26 14:58:14.342 [info] > git for-each-ref --format=%(refname)%00%(upstream:short)%00%(objectname)%00%(upstream:track)%00%(upstream:remotename)%00%(upstream:remoteref) refs/heads/master refs/remotes/master [2ms]
2023-01-26 14:58:14.353 [info] > git for-each-ref --sort -committerdate --format %(refname) %(objectname) %(*objectname) [3ms]
2023-01-26 14:58:14.367 [info] > git status -z -uall [21ms]
2023-01-26 14:58:19.419 [info] > git config --get commit.template [6ms]
2023-01-26 14:58:19.421 [info] > git for-each-ref --format=%(refname)%00%(upstream:short)%00%(objectname)%00%(upstream:track)%00%(upstream:remotename)%00%(upstream:remoteref) refs/heads/master refs/remotes/master [3ms]
2023-01-26 14:58:19.432 [info] > git for-each-ref --sort -committerdate --format %(refname) %(objectname) %(*objectname) [3ms]
2023-01-26 14:58:19.446 [info] > git status -z -uall [22ms]
2023-01-26 14:58:24.487 [info] > git config --get commit.template [5ms]
2023-01-26 14:58:24.488 [info] > git for-each-ref --format=%(refname)%00%(upstream:short)%00%(objectname)%00%(upstream:track)%00%(upstream:remotename)%00%(upstream:remoteref) refs/heads/master refs/remotes/master [2ms]
2023-01-26 14:58:24.499 [info] > git for-each-ref --sort -committerdate --format %(refname) %(objectname) %(*objectname) [3ms]
2023-01-26 14:58:24.513 [info] > git status -z -uall [21ms]
2023-01-26 14:58:29.551 [info] > git config --get commit.template [6ms]
2023-01-26 14:58:29.553 [info] > git for-each-ref --format=%(refname)%00%(upstream:short)%00%(objectname)%00%(upstream:track)%00%(upstream:remotename)%00%(upstream:remoteref) refs/heads/master refs/remotes/master [3ms]
2023-01-26 14:58:29.564 [info] > git for-each-ref --sort -committerdate --format %(refname) %(objectname) %(*objectname) [3ms]
2023-01-26 14:58:29.579 [info] > git status -z -uall [22ms]
2023-01-26 14:58:34.623 [info] > git config --get commit.template [5ms]
2023-01-26 14:58:34.625 [info] > git for-each-ref --format=%(refname)%00%(upstream:short)%00%(objectname)%00%(upstream:track)%00%(upstream:remotename)%00%(upstream:remoteref) refs/heads/master refs/remotes/master [2ms]
2023-01-26 14:58:34.635 [info] > git for-each-ref --sort -committerdate --format %(refname) %(objectname) %(*objectname) [3ms]
2023-01-26 14:58:34.649 [info] > git status -z -uall [21ms]
2023-01-26 14:58:39.683 [info] > git config --get commit.template [5ms]
2023-01-26 14:58:39.684 [info] > git for-each-ref --format=%(refname)%00%(upstream:short)%00%(objectname)%00%(upstream:track)%00%(upstream:remotename)%00%(upstream:remoteref) refs/heads/master refs/remotes/master [2ms]
2023-01-26 14:58:39.694 [info] > git for-each-ref --sort -committerdate --format %(refname) %(objectname) %(*objectname) [3ms]
2023-01-26 14:58:39.708 [info] > git status -z -uall [21ms]
2023-01-26 14:58:44.751 [info] > git config --get commit.template [5ms]
2023-01-26 14:58:44.753 [info] > git for-each-ref --format=%(refname)%00%(upstream:short)%00%(objectname)%00%(upstream:track)%00%(upstream:remotename)%00%(upstream:remoteref) refs/heads/master refs/remotes/master [2ms]
2023-01-26 14:58:44.763 [info] > git for-each-ref --sort -committerdate --format %(refname) %(objectname) %(*objectname) [3ms]
2023-01-26 14:58:44.782 [info] > git status -z -uall [26ms]
2023-01-26 14:58:52.742 [info] > git config --get commit.template [5ms]
2023-01-26 14:58:52.744 [info] > git for-each-ref --format=%(refname)%00%(upstream:short)%00%(objectname)%00%(upstream:track)%00%(upstream:remotename)%00%(upstream:remoteref) refs/heads/master refs/remotes/master [3ms]
2023-01-26 14:58:52.755 [info] > git for-each-ref --sort -committerdate --format %(refname) %(objectname) %(*objectname) [4ms]
2023-01-26 14:58:52.769 [info] > git status -z -uall [22ms]
2023-01-26 14:59:02.929 [info] > git config --get commit.template [6ms]
2023-01-26 14:59:02.932 [info] > git for-each-ref --format=%(refname)%00%(upstream:short)%00%(objectname)%00%(upstream:track)%00%(upstream:remotename)%00%(upstream:remoteref) refs/heads/master refs/remotes/master [4ms]
2023-01-26 14:59:02.944 [info] > git for-each-ref --sort -committerdate --format %(refname) %(objectname) %(*objectname) [3ms]
2023-01-26 14:59:02.964 [info] > git status -z -uall [28ms]
2023-01-26 15:06:07.292 [info] > git config --get commit.template [5ms]
2023-01-26 15:06:07.294 [info] > git for-each-ref --format=%(refname)%00%(upstream:short)%00%(objectname)%00%(upstream:track)%00%(upstream:remotename)%00%(upstream:remoteref) refs/heads/master refs/remotes/master [3ms]
2023-01-26 15:06:07.304 [info] > git for-each-ref --sort -committerdate --format %(refname) %(objectname) %(*objectname) [3ms]
2023-01-26 15:06:07.325 [info] > git status -z -uall [28ms]
2023-01-26 15:07:48.067 [info] > git config --get commit.template [7ms]
2023-01-26 15:07:48.070 [info] > git for-each-ref --format=%(refname)%00%(upstream:short)%00%(objectname)%00%(upstream:track)%00%(upstream:remotename)%00%(upstream:remoteref) refs/heads/master refs/remotes/master [4ms]
2023-01-26 15:07:48.080 [info] > git for-each-ref --sort -committerdate --format %(refname) %(objectname) %(*objectname) [3ms]
2023-01-26 15:07:48.098 [info] > git status -z -uall [25ms]
2023-01-26 15:07:53.149 [info] > git config --get commit.template [5ms]
2023-01-26 15:07:53.151 [info] > git for-each-ref --format=%(refname)%00%(upstream:short)%00%(objectname)%00%(upstream:track)%00%(upstream:remotename)%00%(upstream:remoteref) refs/heads/master refs/remotes/master [2ms]
2023-01-26 15:07:53.161 [info] > git for-each-ref --sort -committerdate --format %(refname) %(objectname) %(*objectname) [3ms]
2023-01-26 15:07:53.175 [info] > git status -z -uall [21ms]
2023-01-26 15:07:58.223 [info] > git config --get commit.template [5ms]
2023-01-26 15:07:58.225 [info] > git for-each-ref --format=%(refname)%00%(upstream:short)%00%(objectname)%00%(upstream:track)%00%(upstream:remotename)%00%(upstream:remoteref) refs/heads/master refs/remotes/master [2ms]
2023-01-26 15:07:58.235 [info] > git for-each-ref --sort -committerdate --format %(refname) %(objectname) %(*objectname) [3ms]
2023-01-26 15:07:58.250 [info] > git status -z -uall [22ms]
2023-01-26 15:08:03.286 [info] > git config --get commit.template [4ms]
2023-01-26 15:08:03.287 [info] > git for-each-ref --format=%(refname)%00%(upstream:short)%00%(objectname)%00%(upstream:track)%00%(upstream:remotename)%00%(upstream:remoteref) refs/heads/master refs/remotes/master [2ms]
2023-01-26 15:08:03.298 [info] > git for-each-ref --sort -committerdate --format %(refname) %(objectname) %(*objectname) [3ms]
2023-01-26 15:08:03.312 [info] > git status -z -uall [22ms]
2023-01-26 15:08:08.345 [info] > git config --get commit.template [5ms]
2023-01-26 15:08:08.346 [info] > git for-each-ref --format=%(refname)%00%(upstream:short)%00%(objectname)%00%(upstream:track)%00%(upstream:remotename)%00%(upstream:remoteref) refs/heads/master refs/remotes/master [2ms]
2023-01-26 15:08:08.357 [info] > git for-each-ref --sort -committerdate --format %(refname) %(objectname) %(*objectname) [4ms]
2023-01-26 15:08:08.371 [info] > git status -z -uall [22ms]
2023-01-26 15:08:09.273 [info] > git ls-files --stage -- /home/ec2-user/README (1).md [2ms]
2023-01-26 15:08:09.432 [info] > git show --textconv :README (1).md [2ms]
2023-01-26 15:08:13.417 [info] > git config --get commit.template [8ms]
2023-01-26 15:08:13.418 [info] > git for-each-ref --format=%(refname)%00%(upstream:short)%00%(objectname)%00%(upstream:track)%00%(upstream:remotename)%00%(upstream:remoteref) refs/heads/master refs/remotes/master [3ms]
2023-01-26 15:08:13.432 [info] > git for-each-ref --sort -committerdate --format %(refname) %(objectname) %(*objectname) [4ms]
2023-01-26 15:08:13.449 [info] > git status -z -uall [27ms]
2023-01-26 15:08:18.520 [info] > git config --get commit.template [13ms]
2023-01-26 15:08:18.523 [info] > git for-each-ref --format=%(refname)%00%(upstream:short)%00%(objectname)%00%(upstream:track)%00%(upstream:remotename)%00%(upstream:remoteref) refs/heads/master refs/remotes/master [10ms]
2023-01-26 15:08:18.542 [info] > git for-each-ref --sort -committerdate --format %(refname) %(objectname) %(*objectname) [6ms]
2023-01-26 15:08:18.584 [info] > git status -z -uall [55ms]
2023-01-26 15:08:23.470 [info] > git ls-files --stage -- /home/ec2-user/README (1).md [4ms]
2023-01-26 15:08:23.476 [info] > git cat-file -s e63fea31683f218a9fa74a56a1ba250de811fa7b [3ms]
2023-01-26 15:08:23.636 [info] > git config --get commit.template [5ms]
2023-01-26 15:08:23.641 [info] > git for-each-ref --format=%(refname)%00%(upstream:short)%00%(objectname)%00%(upstream:track)%00%(upstream:remotename)%00%(upstream:remoteref) refs/heads/master refs/remotes/master [6ms]
2023-01-26 15:08:23.652 [info] > git show --textconv :README (1).md [11ms]
2023-01-26 15:08:23.655 [info] > git for-each-ref --sort -committerdate --format %(refname) %(objectname) %(*objectname) [3ms]
2023-01-26 15:08:23.677 [info] > git status -z -uall [32ms]
2023-01-26 15:08:28.719 [info] > git config --get commit.template [5ms]
2023-01-26 15:08:28.720 [info] > git for-each-ref --format=%(refname)%00%(upstream:short)%00%(objectname)%00%(upstream:track)%00%(upstream:remotename)%00%(upstream:remoteref) refs/heads/master refs/remotes/master [2ms]
2023-01-26 15:08:28.735 [info] > git for-each-ref --sort -committerdate --format %(refname) %(objectname) %(*objectname) [7ms]
2023-01-26 15:08:28.753 [info] > git status -z -uall [29ms]
2023-01-26 15:08:33.798 [info] > git config --get commit.template [5ms]
2023-01-26 15:08:33.800 [info] > git for-each-ref --format=%(refname)%00%(upstream:short)%00%(objectname)%00%(upstream:track)%00%(upstream:remotename)%00%(upstream:remoteref) refs/heads/master refs/remotes/master [3ms]
2023-01-26 15:08:33.813 [info] > git for-each-ref --sort -committerdate --format %(refname) %(objectname) %(*objectname) [6ms]
2023-01-26 15:08:33.828 [info] > git status -z -uall [25ms]
2023-01-26 15:08:38.875 [info] > git config --get commit.template [5ms]
2023-01-26 15:08:38.876 [info] > git for-each-ref --format=%(refname)%00%(upstream:short)%00%(objectname)%00%(upstream:track)%00%(upstream:remotename)%00%(upstream:remoteref) refs/heads/master refs/remotes/master [2ms]
2023-01-26 15:08:38.891 [info] > git for-each-ref --sort -committerdate --format %(refname) %(objectname) %(*objectname) [7ms]
2023-01-26 15:08:38.905 [info] > git status -z -uall [26ms]
2023-01-26 15:08:43.950 [info] > git config --get commit.template [9ms]
2023-01-26 15:08:43.952 [info] > git for-each-ref --format=%(refname)%00%(upstream:short)%00%(objectname)%00%(upstream:track)%00%(upstream:remotename)%00%(upstream:remoteref) refs/heads/master refs/remotes/master [3ms]
2023-01-26 15:08:43.967 [info] > git for-each-ref --sort -committerdate --format %(refname) %(objectname) %(*objectname) [6ms]
2023-01-26 15:08:43.981 [info] > git status -z -uall [26ms]
2023-01-26 15:08:49.013 [info] > git config --get commit.template [5ms]
2023-01-26 15:08:49.014 [info] > git for-each-ref --format=%(refname)%00%(upstream:short)%00%(objectname)%00%(upstream:track)%00%(upstream:remotename)%00%(upstream:remoteref) refs/heads/master refs/remotes/master [2ms]
2023-01-26 15:08:49.028 [info] > git for-each-ref --sort -committerdate --format %(refname) %(objectname) %(*objectname) [7ms]
2023-01-26 15:08:49.042 [info] > git status -z -uall [24ms]
