2023-01-26 14:50:37.460 [info] Extension host with pid 22611 started
2023-01-26 14:50:37.474 [info] Lock '/home/ec2-user/.vscode-server/data/User/workspaceStorage/f0cb31e655db94617d77fc3a114b7549/vscode.lock': Lock acquired.
2023-01-26 14:50:38.057 [info] ExtensionService#_doActivateExtension vscode.git-base, startup: true, activationEvent: '*'
2023-01-26 14:50:38.358 [info] ExtensionService#_doActivateExtension vscode.github, startup: true, activationEvent: '*'
2023-01-26 14:50:38.627 [info] ExtensionService#_doActivateExtension vscode.debug-auto-launch, startup: false, activationEvent: 'onStartupFinished'
2023-01-26 14:50:38.628 [info] ExtensionService#_doActivateExtension vscode.emmet, startup: false, activationEvent: 'onStartupFinished'
2023-01-26 14:50:38.628 [info] ExtensionService#_doActivateExtension vscode.merge-conflict, startup: false, activationEvent: 'onStartupFinished'
2023-01-26 14:50:38.629 [info] Eager extensions activated
2023-01-26 14:50:40.085 [info] ExtensionService#_doActivateExtension vscode.git, startup: false, activationEvent: 'api', root cause: vscode.github
2023-01-26 14:50:40.636 [warning] [Decorations] CAPPING events from decorations provider vscode.git 1803
2023-01-26 14:50:41.213 [warning] [Decorations] CAPPING events from decorations provider vscode.git 1803
2023-01-26 14:50:44.994 [warning] [Decorations] CAPPING events from decorations provider vscode.git 1804
2023-01-26 14:50:50.142 [warning] [Decorations] CAPPING events from decorations provider vscode.git 1804
2023-01-26 14:50:55.216 [warning] [Decorations] CAPPING events from decorations provider vscode.git 1804
2023-01-26 14:51:00.341 [warning] [Decorations] CAPPING events from decorations provider vscode.git 1805
2023-01-26 14:57:59.141 [warning] [Decorations] CAPPING events from decorations provider vscode.git 1805
2023-01-26 14:58:03.808 [info] ExtensionService#_doActivateExtension vscode.extension-editing, startup: false, activationEvent: 'onLanguage:markdown'
2023-01-26 14:58:03.809 [info] ExtensionService#_doActivateExtension vscode.markdown-language-features, startup: false, activationEvent: 'onLanguage:markdown'
2023-01-26 14:58:04.218 [warning] [Decorations] CAPPING events from decorations provider vscode.git 1805
2023-01-26 14:58:06.741 [info] ExtensionService#_doActivateExtension vscode.markdown-math, startup: false, activationEvent: 'api', root cause: vscode.markdown-language-features
2023-01-26 14:58:09.324 [warning] [Decorations] CAPPING events from decorations provider vscode.git 1806
2023-01-26 14:58:14.398 [warning] [Decorations] CAPPING events from decorations provider vscode.git 1806
2023-01-26 14:58:19.471 [warning] [Decorations] CAPPING events from decorations provider vscode.git 1806
2023-01-26 14:58:24.529 [warning] [Decorations] CAPPING events from decorations provider vscode.git 1806
2023-01-26 14:58:29.604 [warning] [Decorations] CAPPING events from decorations provider vscode.git 1806
2023-01-26 14:58:34.666 [warning] [Decorations] CAPPING events from decorations provider vscode.git 1806
2023-01-26 14:58:39.730 [warning] [Decorations] CAPPING events from decorations provider vscode.git 1806
2023-01-26 14:58:44.800 [warning] [Decorations] CAPPING events from decorations provider vscode.git 1806
2023-01-26 14:58:52.797 [warning] [Decorations] CAPPING events from decorations provider vscode.git 1806
2023-01-26 14:59:02.989 [warning] [Decorations] CAPPING events from decorations provider vscode.git 1806
2023-01-26 15:06:07.360 [warning] [Decorations] CAPPING events from decorations provider vscode.git 1806
2023-01-26 15:07:48.133 [warning] [Decorations] CAPPING events from decorations provider vscode.git 1806
2023-01-26 15:07:53.201 [warning] [Decorations] CAPPING events from decorations provider vscode.git 1806
2023-01-26 15:07:58.265 [warning] [Decorations] CAPPING events from decorations provider vscode.git 1806
2023-01-26 15:08:03.329 [warning] [Decorations] CAPPING events from decorations provider vscode.git 1806
2023-01-26 15:08:08.393 [warning] [Decorations] CAPPING events from decorations provider vscode.git 1806
2023-01-26 15:08:13.492 [warning] [Decorations] CAPPING events from decorations provider vscode.git 1806
2023-01-26 15:08:18.614 [warning] [Decorations] CAPPING events from decorations provider vscode.git 1806
2023-01-26 15:08:23.698 [warning] [Decorations] CAPPING events from decorations provider vscode.git 1806
2023-01-26 15:08:28.780 [warning] [Decorations] CAPPING events from decorations provider vscode.git 1806
2023-01-26 15:08:33.852 [warning] [Decorations] CAPPING events from decorations provider vscode.git 1806
2023-01-26 15:08:38.929 [warning] [Decorations] CAPPING events from decorations provider vscode.git 1806
2023-01-26 15:08:43.998 [warning] [Decorations] CAPPING events from decorations provider vscode.git 1806
2023-01-26 15:08:49.066 [warning] [Decorations] CAPPING events from decorations provider vscode.git 1806
2023-01-26 15:08:54.133 [warning] [Decorations] CAPPING events from decorations provider vscode.git 1806
2023-01-26 15:08:59.209 [warning] [Decorations] CAPPING events from decorations provider vscode.git 1806
2023-01-26 15:09:04.264 [warning] [Decorations] CAPPING events from decorations provider vscode.git 1806
